2017-04-21 09:53:42.680 [restartedMain] DEBUG cn.didano.video.app.config.MybatisConfig - Configuring Datasource
2017-04-21 10:49:53.260 [http-nio-8555-exec-11] DEBUG cn.didano.video.json.Out - 成功
2017-04-21 10:49:53.766 [http-nio-8555-exec-11] DEBUG cn.didano.video.json.Out - 成功
2017-04-21 10:49:53.797 [http-nio-8555-exec-11] DEBUG cn.didano.video.json.Out - 成功
2017-04-21 10:49:53.834 [http-nio-8555-exec-11] DEBUG cn.didano.video.json.Out - 成功
2017-04-21 10:49:53.852 [http-nio-8555-exec-11] DEBUG cn.didano.video.json.Out - 成功
2017-04-21 10:49:53.857 [http-nio-8555-exec-11] DEBUG cn.didano.video.json.Out - 成功
2017-04-21 10:49:53.945 [http-nio-8555-exec-11] DEBUG cn.didano.video.json.Out - 成功
2017-04-21 10:49:53.981 [http-nio-8555-exec-11] DEBUG cn.didano.video.json.Out - 成功
2017-04-21 10:49:53.999 [http-nio-8555-exec-11] DEBUG cn.didano.video.json.Out - 成功
2017-04-21 10:50:59.186 [http-nio-8555-exec-4] DEBUG cn.didano.video.json.Out - 执行控制命令成功
2017-04-21 10:53:40.454 [http-nio-8555-exec-6] DEBUG cn.didano.video.json.Out - 成功
2017-04-21 10:53:40.458 [http-nio-8555-exec-6] DEBUG cn.didano.video.json.Out - 成功
2017-04-21 10:53:40.461 [http-nio-8555-exec-6] DEBUG cn.didano.video.json.Out - 成功
2017-04-21 10:53:40.464 [http-nio-8555-exec-6] DEBUG cn.didano.video.json.Out - 成功
2017-04-21 10:53:40.467 [http-nio-8555-exec-6] DEBUG cn.didano.video.json.Out - 成功
2017-04-21 10:53:40.476 [http-nio-8555-exec-6] DEBUG cn.didano.video.json.Out - 成功
2017-04-21 10:53:40.483 [http-nio-8555-exec-6] DEBUG cn.didano.video.json.Out - 成功
2017-04-21 10:53:40.486 [http-nio-8555-exec-6] DEBUG cn.didano.video.json.Out - 成功
2017-04-21 10:53:40.489 [http-nio-8555-exec-6] DEBUG cn.didano.video.json.Out - 成功
2017-04-21 10:53:45.358 [http-nio-8555-exec-9] DEBUG cn.didano.video.json.Out - 执行控制命令成功
2017-04-21 11:02:00.314 [http-nio-8555-exec-2] DEBUG cn.didano.video.json.Out - 成功
2017-04-21 11:02:00.326 [http-nio-8555-exec-2] DEBUG cn.didano.video.json.Out - 成功
2017-04-21 11:02:00.330 [http-nio-8555-exec-2] DEBUG cn.didano.video.json.Out - 成功
2017-04-21 11:02:00.332 [http-nio-8555-exec-2] DEBUG cn.didano.video.json.Out - 成功
2017-04-21 11:02:00.335 [http-nio-8555-exec-2] DEBUG cn.didano.video.json.Out - 成功
2017-04-21 11:02:00.341 [http-nio-8555-exec-2] DEBUG cn.didano.video.json.Out - 成功
2017-04-21 11:02:00.345 [http-nio-8555-exec-2] DEBUG cn.didano.video.json.Out - 成功
2017-04-21 11:02:00.349 [http-nio-8555-exec-2] DEBUG cn.didano.video.json.Out - 成功
2017-04-21 11:02:00.357 [http-nio-8555-exec-2] DEBUG cn.didano.video.json.Out - 成功
2017-04-21 11:02:09.253 [http-nio-8555-exec-3] DEBUG cn.didano.video.json.Out - 执行控制命令成功
2017-04-21 11:02:29.870 [http-nio-8555-exec-4] DEBUG cn.didano.video.json.Out - 执行控制命令成功
2017-04-21 11:02:29.877 [http-nio-8555-exec-10] DEBUG cn.didano.video.json.Out - 成功
2017-04-21 11:02:58.367 [http-nio-8555-exec-1] DEBUG cn.didano.video.json.Out - 执行控制命令成功
2017-04-21 11:02:58.376 [http-nio-8555-exec-11] DEBUG cn.didano.video.json.Out - 成功
2017-04-21 11:03:09.237 [http-nio-8555-exec-6] DEBUG cn.didano.video.json.Out - 执行控制命令成功
2017-04-21 11:03:09.242 [http-nio-8555-exec-9] DEBUG cn.didano.video.json.Out - 成功
2017-04-21 11:03:20.067 [http-nio-8555-exec-5] DEBUG cn.didano.video.json.Out - 执行控制命令成功
2017-04-21 11:03:20.076 [http-nio-8555-exec-7] DEBUG cn.didano.video.json.Out - 成功
2017-04-21 11:03:29.440 [http-nio-8555-exec-2] DEBUG cn.didano.video.json.Out - 执行控制命令成功
2017-04-21 11:03:29.448 [http-nio-8555-exec-3] DEBUG cn.didano.video.json.Out - 成功
2017-04-21 11:03:37.223 [http-nio-8555-exec-4] DEBUG cn.didano.video.json.Out - 执行控制命令成功
2017-04-21 11:03:37.230 [http-nio-8555-exec-10] DEBUG cn.didano.video.json.Out - 成功
2017-04-21 11:03:55.335 [http-nio-8555-exec-1] DEBUG cn.didano.video.json.Out - 执行控制命令成功
2017-04-21 11:04:05.596 [http-nio-8555-exec-11] DEBUG cn.didano.video.json.Out - 执行控制命令成功
2017-04-21 11:04:05.604 [http-nio-8555-exec-6] DEBUG cn.didano.video.json.Out - 成功
2017-04-21 11:04:14.553 [http-nio-8555-exec-9] DEBUG cn.didano.video.json.Out - 执行控制命令成功
2017-04-21 11:04:59.643 [http-nio-8555-exec-5] DEBUG cn.didano.video.json.Out - 执行控制命令成功
2017-04-21 11:08:13.525 [restartedMain] DEBUG cn.didano.video.app.config.MybatisConfig - Configuring Datasource
2017-04-21 11:09:51.372 [http-nio-8555-exec-1] DEBUG cn.didano.video.json.Out - 成功
2017-04-21 11:09:51.387 [http-nio-8555-exec-1] DEBUG cn.didano.video.json.Out - 成功
2017-04-21 11:09:51.387 [http-nio-8555-exec-1] ERROR cn.didano.video.json.Out - 错误方法名
2017-04-21 11:09:51.400 [http-nio-8555-exec-1] DEBUG cn.didano.video.json.Out - 成功
2017-04-21 11:09:51.411 [http-nio-8555-exec-1] DEBUG cn.didano.video.json.Out - 成功
2017-04-21 11:09:51.422 [http-nio-8555-exec-1] DEBUG cn.didano.video.json.Out - 成功
2017-04-21 11:09:51.428 [http-nio-8555-exec-1] DEBUG cn.didano.video.json.Out - 成功
2017-04-21 11:09:51.436 [http-nio-8555-exec-1] DEBUG cn.didano.video.json.Out - 成功
2017-04-21 11:09:51.441 [http-nio-8555-exec-1] DEBUG cn.didano.video.json.Out - 成功
2017-04-21 11:12:00.188 [restartedMain] DEBUG cn.didano.video.app.config.MybatisConfig - Configuring Datasource
2017-04-21 11:12:15.321 [restartedMain] DEBUG cn.didano.video.app.config.MybatisConfig - Configuring Datasource
2017-04-21 11:13:19.994 [restartedMain] DEBUG cn.didano.video.app.config.MybatisConfig - Configuring Datasource
2017-04-21 11:15:25.459 [restartedMain] DEBUG cn.didano.video.app.config.MybatisConfig - Configuring Datasource
2017-04-21 11:15:45.616 [restartedMain] DEBUG cn.didano.video.app.config.MybatisConfig - Configuring Datasource
2017-04-21 11:16:05.564 [http-nio-8555-exec-1] DEBUG cn.didano.video.json.Out - 成功
2017-04-21 11:16:05.576 [http-nio-8555-exec-1] DEBUG cn.didano.video.json.Out - 成功
2017-04-21 11:16:05.582 [http-nio-8555-exec-1] DEBUG cn.didano.video.json.Out - 成功
2017-04-21 11:16:05.596 [http-nio-8555-exec-1] DEBUG cn.didano.video.json.Out - 成功
2017-04-21 11:16:05.601 [http-nio-8555-exec-1] DEBUG cn.didano.video.json.Out - 成功
2017-04-21 11:16:05.605 [http-nio-8555-exec-1] DEBUG cn.didano.video.json.Out - 成功
2017-04-21 11:16:05.611 [http-nio-8555-exec-1] DEBUG cn.didano.video.json.Out - 成功
2017-04-21 11:16:05.617 [http-nio-8555-exec-1] DEBUG cn.didano.video.json.Out - 成功
2017-04-21 11:16:05.637 [http-nio-8555-exec-1] DEBUG cn.didano.video.json.Out - 成功
2017-04-21 11:16:25.406 [http-nio-8555-exec-3] DEBUG cn.didano.video.json.Out - 执行控制命令成功
2017-04-21 11:17:33.110 [restartedMain] DEBUG cn.didano.video.app.config.MybatisConfig - Configuring Datasource
2017-04-21 11:17:46.286 [http-nio-8555-exec-1] DEBUG cn.didano.video.json.Out - 成功
2017-04-21 11:17:46.294 [http-nio-8555-exec-1] DEBUG cn.didano.video.json.Out - 成功
2017-04-21 11:17:46.302 [http-nio-8555-exec-1] DEBUG cn.didano.video.json.Out - 成功
2017-04-21 11:17:46.307 [http-nio-8555-exec-1] DEBUG cn.didano.video.json.Out - 成功
2017-04-21 11:17:46.319 [http-nio-8555-exec-1] DEBUG cn.didano.video.json.Out - 成功
2017-04-21 11:17:46.324 [http-nio-8555-exec-1] DEBUG cn.didano.video.json.Out - 成功
2017-04-21 11:17:46.328 [http-nio-8555-exec-1] DEBUG cn.didano.video.json.Out - 成功
2017-04-21 11:17:46.335 [http-nio-8555-exec-1] DEBUG cn.didano.video.json.Out - 成功
2017-04-21 11:17:46.338 [http-nio-8555-exec-1] DEBUG cn.didano.video.json.Out - 成功
2017-04-21 11:18:18.596 [http-nio-8555-exec-7] DEBUG cn.didano.video.json.Out - 执行控制命令成功
2017-04-21 11:18:18.783 [http-nio-8555-exec-5] DEBUG cn.didano.video.json.Out - 成功
2017-04-21 11:18:37.213 [http-nio-8555-exec-8] DEBUG cn.didano.video.json.Out - 执行控制命令成功
2017-04-21 11:18:37.219 [http-nio-8555-exec-4] DEBUG cn.didano.video.json.Out - 成功
2017-04-21 11:18:46.119 [http-nio-8555-exec-1] DEBUG cn.didano.video.json.Out - 执行控制命令成功
2017-04-21 11:18:46.174 [http-nio-8555-exec-1] DEBUG cn.didano.video.json.Out - 成功
2017-04-21 11:18:53.746 [http-nio-8555-exec-3] DEBUG cn.didano.video.json.Out - 执行控制命令成功
2017-04-21 11:18:53.752 [http-nio-8555-exec-10] DEBUG cn.didano.video.json.Out - 成功
2017-04-21 11:19:03.162 [http-nio-8555-exec-4] DEBUG cn.didano.video.json.Out - 执行控制命令成功
2017-04-21 11:19:03.229 [http-nio-8555-exec-6] DEBUG cn.didano.video.json.Out - 成功
2017-04-21 11:19:11.525 [http-nio-8555-exec-1] DEBUG cn.didano.video.json.Out - 执行控制命令成功
2017-04-21 11:19:11.530 [http-nio-8555-exec-3] DEBUG cn.didano.video.json.Out - 成功
2017-04-21 11:19:19.343 [http-nio-8555-exec-10] DEBUG cn.didano.video.json.Out - 执行控制命令成功
2017-04-21 11:19:19.454 [http-nio-8555-exec-9] DEBUG cn.didano.video.json.Out - 成功
2017-04-21 11:19:26.834 [http-nio-8555-exec-7] DEBUG cn.didano.video.json.Out - 执行控制命令成功
2017-04-21 11:19:26.838 [http-nio-8555-exec-2] DEBUG cn.didano.video.json.Out - 成功
2017-04-21 11:19:35.518 [http-nio-8555-exec-5] DEBUG cn.didano.video.json.Out - 执行控制命令成功
2017-04-21 11:19:35.525 [http-nio-8555-exec-8] DEBUG cn.didano.video.json.Out - 成功
2017-04-21 11:19:43.069 [http-nio-8555-exec-4] DEBUG cn.didano.video.json.Out - 执行控制命令成功
2017-04-21 11:19:56.589 [http-nio-8555-exec-6] DEBUG cn.didano.video.json.Out - 执行控制命令成功
2017-04-21 11:19:56.615 [http-nio-8555-exec-1] DEBUG cn.didano.video.json.Out - 成功
2017-04-21 11:23:39.069 [restartedMain] DEBUG cn.didano.video.app.config.MybatisConfig - Configuring Datasource
2017-04-21 11:23:49.865 [restartedMain] DEBUG cn.didano.video.app.config.MybatisConfig - Configuring Datasource
2017-04-21 11:24:00.548 [restartedMain] DEBUG cn.didano.video.app.config.MybatisConfig - Configuring Datasource
2017-04-21 11:24:28.303 [http-nio-8555-exec-1] DEBUG cn.didano.video.json.Out - 成功
2017-04-21 11:24:28.308 [http-nio-8555-exec-1] DEBUG cn.didano.video.json.Out - 成功
2017-04-21 11:24:28.313 [http-nio-8555-exec-1] DEBUG cn.didano.video.json.Out - 成功
2017-04-21 11:24:28.317 [http-nio-8555-exec-1] DEBUG cn.didano.video.json.Out - 成功
2017-04-21 11:24:28.321 [http-nio-8555-exec-1] DEBUG cn.didano.video.json.Out - 成功
2017-04-21 11:24:28.326 [http-nio-8555-exec-1] DEBUG cn.didano.video.json.Out - 成功
2017-04-21 11:24:28.331 [http-nio-8555-exec-1] DEBUG cn.didano.video.json.Out - 成功
2017-04-21 11:24:28.347 [http-nio-8555-exec-1] DEBUG cn.didano.video.json.Out - 成功
2017-04-21 11:24:28.351 [http-nio-8555-exec-1] DEBUG cn.didano.video.json.Out - 成功
2017-04-21 11:24:54.541 [http-nio-8555-exec-1] DEBUG cn.didano.video.json.Out - 执行控制命令成功
2017-04-21 11:24:54.673 [http-nio-8555-exec-4] DEBUG cn.didano.video.json.Out - 成功
2017-04-21 11:25:02.650 [http-nio-8555-exec-6] DEBUG cn.didano.video.json.Out - 执行控制命令成功
2017-04-21 11:25:02.657 [http-nio-8555-exec-5] DEBUG cn.didano.video.json.Out - 成功
2017-04-21 11:25:10.491 [http-nio-8555-exec-3] DEBUG cn.didano.video.json.Out - 执行控制命令成功
2017-04-21 11:25:10.494 [http-nio-8555-exec-2] DEBUG cn.didano.video.json.Out - 成功
2017-04-21 11:25:19.154 [http-nio-8555-exec-9] DEBUG cn.didano.video.json.Out - 执行控制命令成功
2017-04-21 11:25:19.158 [http-nio-8555-exec-8] DEBUG cn.didano.video.json.Out - 成功
2017-04-21 11:25:28.120 [http-nio-8555-exec-10] DEBUG cn.didano.video.json.Out - 执行控制命令成功
2017-04-21 11:25:28.152 [http-nio-8555-exec-7] DEBUG cn.didano.video.json.Out - 成功
2017-04-21 11:25:35.388 [http-nio-8555-exec-3] DEBUG cn.didano.video.json.Out - 执行控制命令成功
2017-04-21 11:27:47.554 [http-nio-8555-exec-8] DEBUG cn.didano.video.json.Out - 执行控制命令成功
2017-04-21 11:27:47.783 [http-nio-8555-exec-10] DEBUG cn.didano.video.json.Out - 成功
2017-04-21 11:27:58.072 [http-nio-8555-exec-7] DEBUG cn.didano.video.json.Out - 执行控制命令成功
2017-04-21 11:27:58.079 [http-nio-8555-exec-4] DEBUG cn.didano.video.json.Out - 成功
2017-04-21 11:28:08.388 [http-nio-8555-exec-1] DEBUG cn.didano.video.json.Out - 执行控制命令成功
2017-04-21 11:28:08.439 [http-nio-8555-exec-5] DEBUG cn.didano.video.json.Out - 成功
2017-04-21 11:28:14.579 [http-nio-8555-exec-6] DEBUG cn.didano.video.json.Out - 执行控制命令成功
2017-04-21 11:28:14.584 [http-nio-8555-exec-3] DEBUG cn.didano.video.json.Out - 成功
2017-04-21 11:36:41.668 [http-nio-8555-exec-9] DEBUG cn.didano.video.json.Out - 成功
2017-04-21 11:36:41.675 [http-nio-8555-exec-9] DEBUG cn.didano.video.json.Out - 成功
2017-04-21 11:36:41.677 [http-nio-8555-exec-9] DEBUG cn.didano.video.json.Out - 成功
2017-04-21 11:36:41.678 [http-nio-8555-exec-9] DEBUG cn.didano.video.json.Out - 成功
2017-04-21 11:36:41.680 [http-nio-8555-exec-9] DEBUG cn.didano.video.json.Out - 成功
2017-04-21 11:36:41.682 [http-nio-8555-exec-9] DEBUG cn.didano.video.json.Out - 成功
2017-04-21 11:36:41.683 [http-nio-8555-exec-9] DEBUG cn.didano.video.json.Out - 成功
2017-04-21 11:36:41.685 [http-nio-8555-exec-9] DEBUG cn.didano.video.json.Out - 成功
2017-04-21 11:36:41.687 [http-nio-8555-exec-9] DEBUG cn.didano.video.json.Out - 成功
2017-04-21 11:37:23.271 [http-nio-8555-exec-8] DEBUG cn.didano.video.json.Out - 执行控制命令成功
2017-04-21 11:37:24.149 [http-nio-8555-exec-10] DEBUG cn.didano.video.json.Out - 成功
2017-04-21 11:40:13.356 [restartedMain] DEBUG cn.didano.video.app.config.MybatisConfig - Configuring Datasource
2017-04-21 11:40:39.367 [restartedMain] DEBUG cn.didano.video.app.config.MybatisConfig - Configuring Datasource
2017-04-21 11:41:08.328 [restartedMain] DEBUG cn.didano.video.app.config.MybatisConfig - Configuring Datasource
2017-04-21 11:41:17.984 [restartedMain] DEBUG cn.didano.video.app.config.MybatisConfig - Configuring Datasource
2017-04-21 11:42:10.318 [restartedMain] DEBUG cn.didano.video.app.config.MybatisConfig - Configuring Datasource
2017-04-21 11:53:31.353 [restartedMain] DEBUG cn.didano.video.app.config.MybatisConfig - Configuring Datasource
2017-04-21 11:54:22.472 [restartedMain] DEBUG cn.didano.video.app.config.MybatisConfig - Configuring Datasource
2017-04-21 11:56:42.382 [restartedMain] DEBUG cn.didano.video.app.config.MybatisConfig - Configuring Datasource
2017-04-21 12:01:50.555 [restartedMain] DEBUG cn.didano.video.app.config.MybatisConfig - Configuring Datasource
2017-04-21 12:07:26.606 [restartedMain] DEBUG cn.didano.video.app.config.MybatisConfig - Configuring Datasource
2017-04-21 12:11:39.889 [restartedMain] DEBUG cn.didano.video.app.config.MybatisConfig - Configuring Datasource
2017-04-21 12:14:53.027 [http-nio-8555-exec-5] DEBUG cn.didano.video.json.Out - 执行控制命令成功
2017-04-21 12:14:53.028 [http-nio-8555-exec-5] ERROR cn.didano.video.json.Out - 执行控制命令失败:不存在的设备编号
2017-04-21 12:14:53.575 [http-nio-8555-exec-2] DEBUG cn.didano.video.json.Out - 执行控制命令成功
2017-04-21 12:14:53.576 [http-nio-8555-exec-2] ERROR cn.didano.video.json.Out - 执行控制命令失败:不存在的设备编号
2017-04-21 12:14:53.762 [http-nio-8555-exec-10] DEBUG cn.didano.video.json.Out - 执行控制命令成功
2017-04-21 12:14:53.762 [http-nio-8555-exec-10] ERROR cn.didano.video.json.Out - 执行控制命令失败:不存在的设备编号
2017-04-21 12:14:53.942 [http-nio-8555-exec-7] DEBUG cn.didano.video.json.Out - 执行控制命令成功
2017-04-21 12:14:53.942 [http-nio-8555-exec-7] ERROR cn.didano.video.json.Out - 执行控制命令失败:不存在的设备编号
2017-04-21 12:14:54.131 [http-nio-8555-exec-8] DEBUG cn.didano.video.json.Out - 执行控制命令成功
2017-04-21 12:14:54.132 [http-nio-8555-exec-8] ERROR cn.didano.video.json.Out - 执行控制命令失败:不存在的设备编号
2017-04-21 12:14:54.324 [http-nio-8555-exec-6] DEBUG cn.didano.video.json.Out - 执行控制命令成功
2017-04-21 12:14:54.324 [http-nio-8555-exec-6] ERROR cn.didano.video.json.Out - 执行控制命令失败:不存在的设备编号
2017-04-21 12:14:54.514 [http-nio-8555-exec-4] DEBUG cn.didano.video.json.Out - 执行控制命令成功
2017-04-21 12:14:54.514 [http-nio-8555-exec-4] ERROR cn.didano.video.json.Out - 执行控制命令失败:不存在的设备编号
2017-04-21 12:14:54.705 [http-nio-8555-exec-1] DEBUG cn.didano.video.json.Out - 执行控制命令成功
2017-04-21 12:14:54.705 [http-nio-8555-exec-1] ERROR cn.didano.video.json.Out - 执行控制命令失败:不存在的设备编号
2017-04-21 12:14:54.919 [http-nio-8555-exec-3] DEBUG cn.didano.video.json.Out - 执行控制命令成功
2017-04-21 12:14:54.920 [http-nio-8555-exec-3] ERROR cn.didano.video.json.Out - 执行控制命令失败:不存在的设备编号
2017-04-21 12:14:55.098 [http-nio-8555-exec-9] DEBUG cn.didano.video.json.Out - 执行控制命令成功
2017-04-21 12:14:55.099 [http-nio-8555-exec-9] ERROR cn.didano.video.json.Out - 执行控制命令失败:不存在的设备编号
2017-04-21 12:14:55.280 [http-nio-8555-exec-5] DEBUG cn.didano.video.json.Out - 执行控制命令成功
2017-04-21 12:14:55.280 [http-nio-8555-exec-5] ERROR cn.didano.video.json.Out - 执行控制命令失败:不存在的设备编号
2017-04-21 12:14:55.482 [http-nio-8555-exec-2] DEBUG cn.didano.video.json.Out - 执行控制命令成功
2017-04-21 12:14:55.482 [http-nio-8555-exec-2] ERROR cn.didano.video.json.Out - 执行控制命令失败:不存在的设备编号
2017-04-21 12:14:55.673 [http-nio-8555-exec-10] DEBUG cn.didano.video.json.Out - 执行控制命令成功
2017-04-21 12:14:55.673 [http-nio-8555-exec-10] ERROR cn.didano.video.json.Out - 执行控制命令失败:不存在的设备编号
2017-04-21 12:14:55.856 [http-nio-8555-exec-7] DEBUG cn.didano.video.json.Out - 执行控制命令成功
2017-04-21 12:14:55.856 [http-nio-8555-exec-7] ERROR cn.didano.video.json.Out - 执行控制命令失败:不存在的设备编号
2017-04-21 12:14:56.046 [http-nio-8555-exec-8] DEBUG cn.didano.video.json.Out - 执行控制命令成功
2017-04-21 12:14:56.046 [http-nio-8555-exec-8] ERROR cn.didano.video.json.Out - 执行控制命令失败:不存在的设备编号
2017-04-21 12:14:56.214 [http-nio-8555-exec-6] DEBUG cn.didano.video.json.Out - 执行控制命令成功
2017-04-21 12:14:56.214 [http-nio-8555-exec-6] ERROR cn.didano.video.json.Out - 执行控制命令失败:不存在的设备编号
2017-04-21 12:15:13.420 [http-nio-8555-exec-3] DEBUG cn.didano.video.json.Out - 成功
2017-04-21 12:15:13.430 [http-nio-8555-exec-3] DEBUG cn.didano.video.json.Out - 成功
2017-04-21 12:15:13.437 [http-nio-8555-exec-3] DEBUG cn.didano.video.json.Out - 成功
2017-04-21 12:15:13.442 [http-nio-8555-exec-3] DEBUG cn.didano.video.json.Out - 成功
2017-04-21 12:15:13.448 [http-nio-8555-exec-3] DEBUG cn.didano.video.json.Out - 成功
2017-04-21 12:15:13.456 [http-nio-8555-exec-3] DEBUG cn.didano.video.json.Out - 成功
2017-04-21 12:15:13.461 [http-nio-8555-exec-3] DEBUG cn.didano.video.json.Out - 成功
2017-04-21 12:15:13.467 [http-nio-8555-exec-3] DEBUG cn.didano.video.json.Out - 成功
2017-04-21 12:15:13.474 [http-nio-8555-exec-3] DEBUG cn.didano.video.json.Out - 成功
2017-04-21 12:15:17.974 [http-nio-8555-exec-2] DEBUG cn.didano.video.json.Out - 执行控制命令成功
2017-04-21 12:15:18.012 [http-nio-8555-exec-10] DEBUG cn.didano.video.json.Out - 成功
2017-04-21 12:15:18.770 [http-nio-8555-exec-8] DEBUG cn.didano.video.json.Out - 执行控制命令成功
2017-04-21 12:15:18.780 [http-nio-8555-exec-5] DEBUG cn.didano.video.json.Out - 成功
2017-04-21 12:15:18.973 [http-nio-8555-exec-4] DEBUG cn.didano.video.json.Out - 执行控制命令成功
2017-04-21 12:15:18.981 [http-nio-8555-exec-7] DEBUG cn.didano.video.json.Out - 成功
2017-04-21 12:15:19.164 [http-nio-8555-exec-9] DEBUG cn.didano.video.json.Out - 执行控制命令成功
2017-04-21 12:15:19.171 [http-nio-8555-exec-1] DEBUG cn.didano.video.json.Out - 成功
2017-04-21 12:15:19.354 [http-nio-8555-exec-6] DEBUG cn.didano.video.json.Out - 执行控制命令成功
2017-04-21 12:15:19.363 [http-nio-8555-exec-3] DEBUG cn.didano.video.json.Out - 成功
2017-04-21 12:15:19.557 [http-nio-8555-exec-2] DEBUG cn.didano.video.json.Out - 执行控制命令成功
2017-04-21 12:15:19.564 [http-nio-8555-exec-10] DEBUG cn.didano.video.json.Out - 成功
2017-04-21 12:15:19.759 [http-nio-8555-exec-8] DEBUG cn.didano.video.json.Out - 执行控制命令成功
2017-04-21 12:15:19.767 [http-nio-8555-exec-5] DEBUG cn.didano.video.json.Out - 成功
2017-04-21 12:15:19.962 [http-nio-8555-exec-4] DEBUG cn.didano.video.json.Out - 执行控制命令成功
2017-04-21 12:15:19.972 [http-nio-8555-exec-4] DEBUG cn.didano.video.json.Out - 成功
2017-04-21 12:15:20.176 [http-nio-8555-exec-9] DEBUG cn.didano.video.json.Out - 执行控制命令成功
2017-04-21 12:15:20.182 [http-nio-8555-exec-1] DEBUG cn.didano.video.json.Out - 成功
2017-04-21 12:15:20.378 [http-nio-8555-exec-6] DEBUG cn.didano.video.json.Out - 执行控制命令成功
2017-04-21 12:15:20.386 [http-nio-8555-exec-3] DEBUG cn.didano.video.json.Out - 成功
2017-04-21 12:15:20.560 [http-nio-8555-exec-2] DEBUG cn.didano.video.json.Out - 执行控制命令成功
2017-04-21 12:15:20.566 [http-nio-8555-exec-10] DEBUG cn.didano.video.json.Out - 成功
2017-04-21 12:15:20.738 [http-nio-8555-exec-8] DEBUG cn.didano.video.json.Out - 执行控制命令成功
2017-04-21 12:15:20.742 [http-nio-8555-exec-5] DEBUG cn.didano.video.json.Out - 成功
2017-04-21 12:15:20.919 [http-nio-8555-exec-7] DEBUG cn.didano.video.json.Out - 执行控制命令成功
2017-04-21 12:15:20.925 [http-nio-8555-exec-4] DEBUG cn.didano.video.json.Out - 成功
2017-04-21 12:15:21.110 [http-nio-8555-exec-9] DEBUG cn.didano.video.json.Out - 执行控制命令成功
2017-04-21 12:15:21.119 [http-nio-8555-exec-1] DEBUG cn.didano.video.json.Out - 成功
2017-04-21 14:14:15.186 [restartedMain] DEBUG cn.didano.video.app.config.MybatisConfig - Configuring Datasource
2017-04-21 14:15:24.855 [restartedMain] DEBUG cn.didano.video.app.config.MybatisConfig - Configuring Datasource
2017-04-21 14:18:32.405 [restartedMain] DEBUG cn.didano.video.app.config.MybatisConfig - Configuring Datasource
2017-04-21 14:22:44.045 [http-nio-8555-exec-6] DEBUG cn.didano.video.json.Out - 成功
2017-04-21 14:22:44.053 [http-nio-8555-exec-6] DEBUG cn.didano.video.json.Out - 成功
2017-04-21 14:22:44.061 [http-nio-8555-exec-6] DEBUG cn.didano.video.json.Out - 成功
2017-04-21 14:22:44.066 [http-nio-8555-exec-6] DEBUG cn.didano.video.json.Out - 成功
2017-04-21 14:22:44.074 [http-nio-8555-exec-6] DEBUG cn.didano.video.json.Out - 成功
2017-04-21 14:22:44.083 [http-nio-8555-exec-6] DEBUG cn.didano.video.json.Out - 成功
2017-04-21 14:22:44.088 [http-nio-8555-exec-6] DEBUG cn.didano.video.json.Out - 成功
2017-04-21 14:22:44.093 [http-nio-8555-exec-6] DEBUG cn.didano.video.json.Out - 成功
2017-04-21 14:22:44.117 [http-nio-8555-exec-6] DEBUG cn.didano.video.json.Out - 成功
2017-04-21 14:22:56.716 [http-nio-8555-exec-7] DEBUG cn.didano.video.json.Out - 执行控制命令成功
2017-04-21 14:22:56.725 [http-nio-8555-exec-4] DEBUG cn.didano.video.json.Out - 成功
2017-04-21 14:26:46.397 [http-nio-8555-exec-6] DEBUG cn.didano.video.json.Out - 成功
2017-04-21 14:48:01.208 [restartedMain] DEBUG cn.didano.video.app.config.MybatisConfig - Configuring Datasource
2017-04-21 14:48:51.931 [http-nio-8555-exec-1] DEBUG cn.didano.video.json.Out - 成功
2017-04-21 14:48:53.209 [http-nio-8555-exec-1] DEBUG cn.didano.video.json.Out - 成功
2017-04-21 14:48:53.216 [http-nio-8555-exec-1] DEBUG cn.didano.video.json.Out - 成功
2017-04-21 14:48:53.220 [http-nio-8555-exec-1] DEBUG cn.didano.video.json.Out - 成功
2017-04-21 14:48:53.226 [http-nio-8555-exec-1] DEBUG cn.didano.video.json.Out - 成功
2017-04-21 14:48:53.232 [http-nio-8555-exec-1] DEBUG cn.didano.video.json.Out - 成功
2017-04-21 14:48:53.237 [http-nio-8555-exec-1] DEBUG cn.didano.video.json.Out - 成功
2017-04-21 14:48:53.242 [http-nio-8555-exec-1] DEBUG cn.didano.video.json.Out - 成功
2017-04-21 14:48:53.247 [http-nio-8555-exec-1] DEBUG cn.didano.video.json.Out - 成功
2017-04-21 15:00:06.898 [restartedMain] DEBUG cn.didano.video.app.config.MybatisConfig - Configuring Datasource
2017-04-21 15:00:55.543 [restartedMain] DEBUG cn.didano.video.app.config.MybatisConfig - Configuring Datasource
2017-04-21 15:03:11.856 [restartedMain] DEBUG cn.didano.video.app.config.MybatisConfig - Configuring Datasource
2017-04-21 15:03:17.816 [restartedMain] DEBUG cn.didano.video.app.config.MybatisConfig - Configuring Datasource
2017-04-21 15:03:25.294 [http-nio-8555-exec-1] DEBUG cn.didano.video.json.Out - 成功
2017-04-21 15:03:25.320 [http-nio-8555-exec-1] DEBUG cn.didano.video.json.Out - 成功
2017-04-21 15:03:25.325 [http-nio-8555-exec-1] DEBUG cn.didano.video.json.Out - 成功
2017-04-21 15:03:25.330 [http-nio-8555-exec-1] DEBUG cn.didano.video.json.Out - 成功
2017-04-21 15:03:25.335 [http-nio-8555-exec-1] DEBUG cn.didano.video.json.Out - 成功
2017-04-21 15:03:25.340 [http-nio-8555-exec-1] DEBUG cn.didano.video.json.Out - 成功
2017-04-21 15:03:25.349 [http-nio-8555-exec-1] DEBUG cn.didano.video.json.Out - 成功
2017-04-21 15:03:25.356 [http-nio-8555-exec-1] DEBUG cn.didano.video.json.Out - 成功
2017-04-21 15:03:25.362 [http-nio-8555-exec-1] DEBUG cn.didano.video.json.Out - 成功
2017-04-21 16:37:51.264 [restartedMain] DEBUG cn.didano.video.app.config.MybatisConfig - Configuring Datasource
2017-04-21 16:41:49.315 [restartedMain] DEBUG cn.didano.video.app.config.MybatisConfig - Configuring Datasource
2017-04-21 17:42:26.728 [restartedMain] DEBUG cn.didano.video.app.config.MybatisConfig - Configuring Datasource
2017-04-21 17:46:11.382 [restartedMain] DEBUG cn.didano.video.app.config.MybatisConfig - Configuring Datasource
2017-04-21 17:50:54.055 [restartedMain] DEBUG cn.didano.video.app.config.MybatisConfig - Configuring Datasource
2017-04-21 17:54:27.758 [restartedMain] DEBUG cn.didano.video.app.config.MybatisConfig - Configuring Datasource
2017-04-21 18:04:04.861 [restartedMain] DEBUG cn.didano.video.app.config.MybatisConfig - Configuring Datasource
2017-04-21 18:09:25.403 [restartedMain] DEBUG cn.didano.video.app.config.MybatisConfig - Configuring Datasource
2017-04-21 18:10:11.762 [restartedMain] DEBUG cn.didano.video.app.config.MybatisConfig - Configuring Datasource
2017-04-21 18:14:45.590 [restartedMain] DEBUG cn.didano.video.app.config.MybatisConfig - Configuring Datasource
2017-04-21 18:15:00.863 [restartedMain] DEBUG cn.didano.video.app.config.MybatisConfig - Configuring Datasource
2017-04-21 18:15:19.570 [restartedMain] DEBUG cn.didano.video.app.config.MybatisConfig - Configuring Datasource
2017-04-21 18:16:07.477 [restartedMain] DEBUG cn.didano.video.app.config.MybatisConfig - Configuring Datasource
2017-04-21 18:16:24.056 [restartedMain] DEBUG cn.didano.video.app.config.MybatisConfig - Configuring Datasource
2017-04-21 18:16:42.432 [restartedMain] DEBUG cn.didano.video.app.config.MybatisConfig - Configuring Datasource
2017-04-21 18:16:59.927 [restartedMain] DEBUG cn.didano.video.app.config.MybatisConfig - Configuring Datasource
2017-04-21 18:17:15.384 [restartedMain] DEBUG cn.didano.video.app.config.MybatisConfig - Configuring Datasource
2017-04-21 18:17:24.182 [restartedMain] DEBUG cn.didano.video.app.config.MybatisConfig - Configuring Datasource
2017-04-21 18:18:07.443 [restartedMain] DEBUG cn.didano.video.app.config.MybatisConfig - Configuring Datasource
2017-04-21 18:18:23.261 [restartedMain] DEBUG cn.didano.video.app.config.MybatisConfig - Configuring Datasource
2017-04-21 18:18:37.585 [restartedMain] DEBUG cn.didano.video.app.config.MybatisConfig - Configuring Datasource
2017-04-21 18:18:49.541 [restartedMain] DEBUG cn.didano.video.app.config.MybatisConfig - Configuring Datasource
2017-04-21 18:18:57.675 [restartedMain] DEBUG cn.didano.video.app.config.MybatisConfig - Configuring Datasource
2017-04-21 18:19:04.684 [restartedMain] DEBUG cn.didano.video.app.config.MybatisConfig - Configuring Datasource
2017-04-21 18:19:11.889 [restartedMain] DEBUG cn.didano.video.app.config.MybatisConfig - Configuring Datasource
2017-04-21 18:19:19.774 [restartedMain] DEBUG cn.didano.video.app.config.MybatisConfig - Configuring Datasource
2017-04-21 18:19:26.410 [restartedMain] DEBUG cn.didano.video.app.config.MybatisConfig - Configuring Datasource
2017-04-21 18:19:50.278 [http-nio-8555-exec-9] DEBUG cn.didano.video.json.Out - 成功
2017-04-21 18:19:50.278 [http-nio-8555-exec-5] DEBUG cn.didano.video.json.Out - 成功
2017-04-21 18:19:50.279 [http-nio-8555-exec-6] DEBUG cn.didano.video.json.Out - 成功
2017-04-21 18:19:50.323 [http-nio-8555-exec-6] DEBUG cn.didano.video.json.Out - 成功
2017-04-21 18:19:50.323 [http-nio-8555-exec-9] DEBUG cn.didano.video.json.Out - 成功
2017-04-21 18:19:50.323 [http-nio-8555-exec-5] DEBUG cn.didano.video.json.Out - 成功
2017-04-21 18:19:51.150 [http-nio-8555-exec-6] DEBUG cn.didano.video.json.Out - 成功
2017-04-21 18:19:51.150 [http-nio-8555-exec-9] DEBUG cn.didano.video.json.Out - 成功
2017-04-21 18:19:51.150 [http-nio-8555-exec-5] DEBUG cn.didano.video.json.Out - 成功
2017-04-21 18:19:53.842 [http-nio-8555-exec-6] DEBUG cn.didano.video.json.Out - 成功
2017-04-21 18:19:53.842 [http-nio-8555-exec-9] DEBUG cn.didano.video.json.Out - 成功
2017-04-21 18:19:53.844 [http-nio-8555-exec-5] DEBUG cn.didano.video.json.Out - 成功
2017-04-21 18:19:54.793 [http-nio-8555-exec-9] DEBUG cn.didano.video.json.Out - 成功
2017-04-21 18:19:54.793 [http-nio-8555-exec-5] DEBUG cn.didano.video.json.Out - 成功
2017-04-21 18:19:54.793 [http-nio-8555-exec-6] DEBUG cn.didano.video.json.Out - 成功
2017-04-21 18:19:55.721 [http-nio-8555-exec-9] DEBUG cn.didano.video.json.Out - 成功
2017-04-21 18:19:55.721 [http-nio-8555-exec-6] DEBUG cn.didano.video.json.Out - 成功
2017-04-21 18:19:55.721 [http-nio-8555-exec-5] DEBUG cn.didano.video.json.Out - 成功
2017-04-21 18:19:56.830 [http-nio-8555-exec-5] DEBUG cn.didano.video.json.Out - 成功
2017-04-21 18:19:56.830 [http-nio-8555-exec-9] DEBUG cn.didano.video.json.Out - 成功
2017-04-21 18:19:56.830 [http-nio-8555-exec-6] DEBUG cn.didano.video.json.Out - 成功
2017-04-21 18:19:57.515 [http-nio-8555-exec-9] DEBUG cn.didano.video.json.Out - 成功
2017-04-21 18:19:57.515 [http-nio-8555-exec-6] DEBUG cn.didano.video.json.Out - 成功
2017-04-21 18:19:57.515 [http-nio-8555-exec-5] DEBUG cn.didano.video.json.Out - 成功
2017-04-21 18:19:58.288 [http-nio-8555-exec-9] DEBUG cn.didano.video.json.Out - 成功
2017-04-21 18:19:58.288 [http-nio-8555-exec-6] DEBUG cn.didano.video.json.Out - 成功
2017-04-21 18:19:58.288 [http-nio-8555-exec-5] DEBUG cn.didano.video.json.Out - 成功
2017-04-21 18:20:45.383 [restartedMain] DEBUG cn.didano.video.app.config.MybatisConfig - Configuring Datasource
2017-04-21 18:21:25.480 [restartedMain] DEBUG cn.didano.video.app.config.MybatisConfig - Configuring Datasource
2017-04-21 18:21:32.019 [restartedMain] DEBUG cn.didano.video.app.config.MybatisConfig - Configuring Datasource
2017-04-21 18:21:40.875 [restartedMain] DEBUG cn.didano.video.app.config.MybatisConfig - Configuring Datasource
2017-04-21 18:21:47.316 [restartedMain] DEBUG cn.didano.video.app.config.MybatisConfig - Configuring Datasource
2017-04-21 18:22:17.986 [restartedMain] DEBUG cn.didano.video.app.config.MybatisConfig - Configuring Datasource
2017-04-21 18:22:30.026 [restartedMain] DEBUG cn.didano.video.app.config.MybatisConfig - Configuring Datasource
2017-04-21 18:24:47.961 [restartedMain] DEBUG cn.didano.video.app.config.MybatisConfig - Configuring Datasource
2017-04-21 18:25:54.648 [restartedMain] DEBUG cn.didano.video.app.config.MybatisConfig - Configuring Datasource
2017-04-21 18:26:47.209 [http-nio-8555-exec-1] DEBUG cn.didano.video.json.Out - 成功
2017-04-21 18:26:47.209 [http-nio-8555-exec-3] DEBUG cn.didano.video.json.Out - 成功
2017-04-21 18:26:47.235 [http-nio-8555-exec-3] DEBUG cn.didano.video.json.Out - 成功
2017-04-21 18:26:47.235 [http-nio-8555-exec-1] DEBUG cn.didano.video.json.Out - 成功
2017-04-21 18:26:47.266 [http-nio-8555-exec-1] DEBUG cn.didano.video.json.Out - 成功
2017-04-21 18:26:47.266 [http-nio-8555-exec-3] DEBUG cn.didano.video.json.Out - 成功
2017-04-21 18:26:47.271 [http-nio-8555-exec-1] DEBUG cn.didano.video.json.Out - 成功
2017-04-21 18:26:47.271 [http-nio-8555-exec-3] DEBUG cn.didano.video.json.Out - 成功
2017-04-21 18:26:47.276 [http-nio-8555-exec-1] DEBUG cn.didano.video.json.Out - 成功
2017-04-21 18:26:47.276 [http-nio-8555-exec-3] DEBUG cn.didano.video.json.Out - 成功
2017-04-21 18:26:47.285 [http-nio-8555-exec-3] DEBUG cn.didano.video.json.Out - 成功
2017-04-21 18:26:47.285 [http-nio-8555-exec-1] DEBUG cn.didano.video.json.Out - 成功
2017-04-21 18:26:47.292 [http-nio-8555-exec-3] DEBUG cn.didano.video.json.Out - 成功
2017-04-21 18:26:47.292 [http-nio-8555-exec-1] DEBUG cn.didano.video.json.Out - 成功
2017-04-21 18:26:47.298 [http-nio-8555-exec-3] DEBUG cn.didano.video.json.Out - 成功
2017-04-21 18:26:47.304 [http-nio-8555-exec-1] DEBUG cn.didano.video.json.Out - 成功
2017-04-21 18:26:47.306 [http-nio-8555-exec-3] DEBUG cn.didano.video.json.Out - 成功
2017-04-21 18:26:47.307 [http-nio-8555-exec-1] DEBUG cn.didano.video.json.Out - 成功
2017-04-21 18:26:47.583 [http-nio-8555-exec-4] DEBUG cn.didano.video.json.Out - 成功
2017-04-21 18:26:47.641 [http-nio-8555-exec-4] DEBUG cn.didano.video.json.Out - 成功
2017-04-21 18:26:47.646 [http-nio-8555-exec-4] DEBUG cn.didano.video.json.Out - 成功
2017-04-21 18:26:47.649 [http-nio-8555-exec-4] DEBUG cn.didano.video.json.Out - 成功
2017-04-21 18:26:47.651 [http-nio-8555-exec-4] DEBUG cn.didano.video.json.Out - 成功
2017-04-21 18:26:47.653 [http-nio-8555-exec-4] DEBUG cn.didano.video.json.Out - 成功
2017-04-21 18:26:47.656 [http-nio-8555-exec-4] DEBUG cn.didano.video.json.Out - 成功
2017-04-21 18:26:47.658 [http-nio-8555-exec-4] DEBUG cn.didano.video.json.Out - 成功
2017-04-21 18:26:47.661 [http-nio-8555-exec-4] DEBUG cn.didano.video.json.Out - 成功
2017-04-21 18:26:48.160 [http-nio-8555-exec-6] DEBUG cn.didano.video.json.Out - 成功
2017-04-21 18:26:48.162 [http-nio-8555-exec-6] DEBUG cn.didano.video.json.Out - 成功
2017-04-21 18:26:48.165 [http-nio-8555-exec-6] DEBUG cn.didano.video.json.Out - 成功
2017-04-21 18:26:48.167 [http-nio-8555-exec-6] DEBUG cn.didano.video.json.Out - 成功
2017-04-21 18:26:48.170 [http-nio-8555-exec-6] DEBUG cn.didano.video.json.Out - 成功
2017-04-21 18:26:48.172 [http-nio-8555-exec-6] DEBUG cn.didano.video.json.Out - 成功
2017-04-21 18:26:48.174 [http-nio-8555-exec-6] DEBUG cn.didano.video.json.Out - 成功
2017-04-21 18:26:48.176 [http-nio-8555-exec-6] DEBUG cn.didano.video.json.Out - 成功
2017-04-21 18:26:48.180 [http-nio-8555-exec-6] DEBUG cn.didano.video.json.Out - 成功
2017-04-21 18:26:48.677 [http-nio-8555-exec-8] DEBUG cn.didano.video.json.Out - 成功
2017-04-21 18:26:48.680 [http-nio-8555-exec-8] DEBUG cn.didano.video.json.Out - 成功
2017-04-21 18:26:48.682 [http-nio-8555-exec-8] DEBUG cn.didano.video.json.Out - 成功
2017-04-21 18:26:48.684 [http-nio-8555-exec-8] DEBUG cn.didano.video.json.Out - 成功
2017-04-21 18:26:48.686 [http-nio-8555-exec-8] DEBUG cn.didano.video.json.Out - 成功
2017-04-21 18:26:48.688 [http-nio-8555-exec-8] DEBUG cn.didano.video.json.Out - 成功
2017-04-21 18:26:48.690 [http-nio-8555-exec-8] DEBUG cn.didano.video.json.Out - 成功
2017-04-21 18:26:48.691 [http-nio-8555-exec-8] DEBUG cn.didano.video.json.Out - 成功
2017-04-21 18:26:48.693 [http-nio-8555-exec-8] DEBUG cn.didano.video.json.Out - 成功
2017-04-21 18:26:49.345 [http-nio-8555-exec-10] DEBUG cn.didano.video.json.Out - 成功
2017-04-21 18:26:49.347 [http-nio-8555-exec-10] DEBUG cn.didano.video.json.Out - 成功
2017-04-21 18:26:49.350 [http-nio-8555-exec-10] DEBUG cn.didano.video.json.Out - 成功
2017-04-21 18:26:49.352 [http-nio-8555-exec-10] DEBUG cn.didano.video.json.Out - 成功
2017-04-21 18:26:49.354 [http-nio-8555-exec-10] DEBUG cn.didano.video.json.Out - 成功
2017-04-21 18:26:49.356 [http-nio-8555-exec-10] DEBUG cn.didano.video.json.Out - 成功
2017-04-21 18:26:49.358 [http-nio-8555-exec-10] DEBUG cn.didano.video.json.Out - 成功
2017-04-21 18:26:49.360 [http-nio-8555-exec-10] DEBUG cn.didano.video.json.Out - 成功
2017-04-21 18:26:49.361 [http-nio-8555-exec-10] DEBUG cn.didano.video.json.Out - 成功
2017-04-21 18:26:49.963 [http-nio-8555-exec-3] DEBUG cn.didano.video.json.Out - 成功
2017-04-21 18:26:49.965 [http-nio-8555-exec-3] DEBUG cn.didano.video.json.Out - 成功
2017-04-21 18:26:49.968 [http-nio-8555-exec-3] DEBUG cn.didano.video.json.Out - 成功
2017-04-21 18:26:49.969 [http-nio-8555-exec-3] DEBUG cn.didano.video.json.Out - 成功
2017-04-21 18:26:49.971 [http-nio-8555-exec-3] DEBUG cn.didano.video.json.Out - 成功
2017-04-21 18:26:49.973 [http-nio-8555-exec-3] DEBUG cn.didano.video.json.Out - 成功
2017-04-21 18:26:49.975 [http-nio-8555-exec-3] DEBUG cn.didano.video.json.Out - 成功
2017-04-21 18:26:49.977 [http-nio-8555-exec-3] DEBUG cn.didano.video.json.Out - 成功
2017-04-21 18:26:49.979 [http-nio-8555-exec-3] DEBUG cn.didano.video.json.Out - 成功
2017-04-21 18:26:50.583 [http-nio-8555-exec-4] DEBUG cn.didano.video.json.Out - 成功
2017-04-21 18:26:50.587 [http-nio-8555-exec-4] DEBUG cn.didano.video.json.Out - 成功
2017-04-21 18:26:50.588 [http-nio-8555-exec-4] DEBUG cn.didano.video.json.Out - 成功
2017-04-21 18:26:50.591 [http-nio-8555-exec-4] DEBUG cn.didano.video.json.Out - 成功
2017-04-21 18:26:50.593 [http-nio-8555-exec-4] DEBUG cn.didano.video.json.Out - 成功
2017-04-21 18:26:50.595 [http-nio-8555-exec-4] DEBUG cn.didano.video.json.Out - 成功
2017-04-21 18:26:50.596 [http-nio-8555-exec-4] DEBUG cn.didano.video.json.Out - 成功
2017-04-21 18:26:50.598 [http-nio-8555-exec-4] DEBUG cn.didano.video.json.Out - 成功
2017-04-21 18:26:50.599 [http-nio-8555-exec-4] DEBUG cn.didano.video.json.Out - 成功
2017-04-21 18:26:51.296 [http-nio-8555-exec-6] DEBUG cn.didano.video.json.Out - 成功
2017-04-21 18:26:51.300 [http-nio-8555-exec-6] DEBUG cn.didano.video.json.Out - 成功
2017-04-21 18:26:51.303 [http-nio-8555-exec-6] DEBUG cn.didano.video.json.Out - 成功
2017-04-21 18:26:51.305 [http-nio-8555-exec-6] DEBUG cn.didano.video.json.Out - 成功
2017-04-21 18:26:51.307 [http-nio-8555-exec-6] DEBUG cn.didano.video.json.Out - 成功
2017-04-21 18:26:51.309 [http-nio-8555-exec-6] DEBUG cn.didano.video.json.Out - 成功
2017-04-21 18:26:51.312 [http-nio-8555-exec-6] DEBUG cn.didano.video.json.Out - 成功
2017-04-21 18:26:51.314 [http-nio-8555-exec-6] DEBUG cn.didano.video.json.Out - 成功
2017-04-21 18:26:51.316 [http-nio-8555-exec-6] DEBUG cn.didano.video.json.Out - 成功
2017-04-21 18:52:58.906 [restartedMain] DEBUG cn.didano.video.app.config.MybatisConfig - Configuring Datasource
2017-04-21 18:53:18.321 [restartedMain] DEBUG cn.didano.video.app.config.MybatisConfig - Configuring Datasource
2017-04-21 18:53:38.869 [restartedMain] DEBUG cn.didano.video.app.config.MybatisConfig - Configuring Datasource
2017-04-21 18:54:06.367 [http-nio-8555-exec-1] DEBUG cn.didano.video.json.Out - 成功
2017-04-21 18:54:06.375 [http-nio-8555-exec-1] DEBUG cn.didano.video.json.Out - 成功
2017-04-21 18:54:06.379 [http-nio-8555-exec-1] DEBUG cn.didano.video.json.Out - 成功
2017-04-21 18:54:06.385 [http-nio-8555-exec-1] DEBUG cn.didano.video.json.Out - 成功
2017-04-21 18:54:06.389 [http-nio-8555-exec-1] DEBUG cn.didano.video.json.Out - 成功
2017-04-21 18:54:06.394 [http-nio-8555-exec-1] DEBUG cn.didano.video.json.Out - 成功
2017-04-21 18:54:06.401 [http-nio-8555-exec-1] DEBUG cn.didano.video.json.Out - 成功
2017-04-21 18:54:06.407 [http-nio-8555-exec-1] DEBUG cn.didano.video.json.Out - 成功
2017-04-21 18:54:06.411 [http-nio-8555-exec-1] DEBUG cn.didano.video.json.Out - 成功
2017-04-21 18:57:24.603 [http-nio-8555-exec-5] DEBUG cn.didano.video.json.Out - 成功
2017-04-21 18:57:24.652 [http-nio-8555-exec-5] DEBUG cn.didano.video.json.Out - 成功
2017-04-21 18:57:24.654 [http-nio-8555-exec-5] DEBUG cn.didano.video.json.Out - 成功
2017-04-21 18:57:24.656 [http-nio-8555-exec-5] DEBUG cn.didano.video.json.Out - 成功
2017-04-21 18:57:24.658 [http-nio-8555-exec-5] DEBUG cn.didano.video.json.Out - 成功
2017-04-21 18:57:24.660 [http-nio-8555-exec-5] DEBUG cn.didano.video.json.Out - 成功
2017-04-21 18:57:24.665 [http-nio-8555-exec-5] DEBUG cn.didano.video.json.Out - 成功
2017-04-21 18:57:24.667 [http-nio-8555-exec-5] DEBUG cn.didano.video.json.Out - 成功
2017-04-21 18:57:24.669 [http-nio-8555-exec-5] DEBUG cn.didano.video.json.Out - 成功
2017-04-21 18:57:24.669 [http-nio-8555-exec-5] ERROR cn.didano.video.json.Out - 接口调用异常
2017-04-21 19:03:31.041 [restartedMain] DEBUG cn.didano.video.app.config.MybatisConfig - Configuring Datasource
2017-04-21 19:39:31.856 [restartedMain] DEBUG cn.didano.video.app.config.MybatisConfig - Configuring Datasource
2017-04-21 19:39:59.860 [http-nio-8555-exec-1] DEBUG cn.didano.video.json.Out - 成功
2017-04-21 19:39:59.870 [http-nio-8555-exec-1] DEBUG cn.didano.video.json.Out - 成功
2017-04-21 19:39:59.878 [http-nio-8555-exec-1] DEBUG cn.didano.video.json.Out - 成功
2017-04-21 19:39:59.898 [http-nio-8555-exec-1] DEBUG cn.didano.video.json.Out - 成功
2017-04-21 19:39:59.915 [http-nio-8555-exec-1] DEBUG cn.didano.video.json.Out - 成功
2017-04-21 19:39:59.926 [http-nio-8555-exec-1] DEBUG cn.didano.video.json.Out - 成功
2017-04-21 19:39:59.938 [http-nio-8555-exec-1] DEBUG cn.didano.video.json.Out - 成功
2017-04-21 19:39:59.949 [http-nio-8555-exec-1] DEBUG cn.didano.video.json.Out - 成功
2017-04-21 19:39:59.962 [http-nio-8555-exec-1] DEBUG cn.didano.video.json.Out - 成功
2017-04-21 19:40:00.760 [http-nio-8555-exec-1] DEBUG cn.didano.video.json.Out - 成功
2017-04-21 19:47:18.537 [restartedMain] DEBUG cn.didano.video.app.config.MybatisConfig - Configuring Datasource
2017-05-18 16:58:12.625 [restartedMain] DEBUG cn.didano.video.app.config.MybatisConfig - Configuring Datasource
2017-05-18 17:00:21.034 [restartedMain] DEBUG cn.didano.video.app.config.MybatisConfig - Configuring Datasource
2017-05-18 17:01:10.232 [restartedMain] DEBUG cn.didano.video.app.config.MybatisConfig - Configuring Datasource
2017-05-18 17:01:23.964 [restartedMain] DEBUG cn.didano.video.app.config.MybatisConfig - Configuring Datasource
