2017-02-21 09:27:40.882 [restartedMain] INFO  cn.didano.video.app.StartVideoApplication - Starting StartVideoApplication on ThinkPad with PID 10056 (C:\Users\guitar\git\didano_video\target\classes started by guitar in C:\Users\guitar\git\didano_video)
2017-02-21 09:27:40.898 [restartedMain] DEBUG cn.didano.video.app.StartVideoApplication - Running with Spring Boot v1.4.2.RELEASE, Spring v4.3.4.RELEASE
2017-02-21 09:27:40.898 [restartedMain] INFO  cn.didano.video.app.StartVideoApplication - No active profile set, falling back to default profiles: default
2017-02-21 09:27:45.251 [restartedMain] DEBUG cn.didano.video.app.config.MybatisConfig - Configuring Datasource
2017-02-21 09:27:55.590 [restartedMain] INFO  cn.didano.video.app.StartVideoApplication - Started StartVideoApplication in 15.182 seconds (JVM running for 15.979)
2017-02-21 09:27:55.590 [restartedMain] INFO  cn.didano.video.app.StartVideoApplication - StartVideoApplication Started.............................
2017-02-21 09:57:34.547 [restartedMain] INFO  cn.didano.video.app.StartVideoApplication - Starting StartVideoApplication on ThinkPad with PID 3332 (C:\Users\guitar\git\didano_video\target\classes started by guitar in C:\Users\guitar\git\didano_video)
2017-02-21 09:57:34.550 [restartedMain] DEBUG cn.didano.video.app.StartVideoApplication - Running with Spring Boot v1.4.2.RELEASE, Spring v4.3.4.RELEASE
2017-02-21 09:57:34.551 [restartedMain] INFO  cn.didano.video.app.StartVideoApplication - No active profile set, falling back to default profiles: default
2017-02-21 09:57:38.663 [restartedMain] DEBUG cn.didano.video.app.config.MybatisConfig - Configuring Datasource
2017-02-21 09:57:46.445 [restartedMain] INFO  cn.didano.video.app.StartVideoApplication - Started StartVideoApplication in 12.358 seconds (JVM running for 13.062)
2017-02-21 09:57:46.445 [restartedMain] INFO  cn.didano.video.app.StartVideoApplication - StartVideoApplication Started.............................
2017-02-21 09:58:04.740 [http-nio-8080-exec-4] INFO  cn.didano.video.controller.PostController - 访问  PostController:student_search_by_teacherid teacher_id = 14
2017-02-21 09:59:42.210 [restartedMain] INFO  cn.didano.video.app.StartVideoApplication - Starting StartVideoApplication on ThinkPad with PID 6564 (C:\Users\guitar\git\didano_video\target\classes started by guitar in C:\Users\guitar\git\didano_video)
2017-02-21 09:59:42.212 [restartedMain] DEBUG cn.didano.video.app.StartVideoApplication - Running with Spring Boot v1.4.2.RELEASE, Spring v4.3.4.RELEASE
2017-02-21 09:59:42.213 [restartedMain] INFO  cn.didano.video.app.StartVideoApplication - No active profile set, falling back to default profiles: default
2017-02-21 09:59:46.222 [restartedMain] DEBUG cn.didano.video.app.config.MybatisConfig - Configuring Datasource
2017-02-21 09:59:54.032 [restartedMain] INFO  cn.didano.video.app.StartVideoApplication - Started StartVideoApplication in 12.313 seconds (JVM running for 13.007)
2017-02-21 09:59:54.032 [restartedMain] INFO  cn.didano.video.app.StartVideoApplication - StartVideoApplication Started.............................
2017-02-21 10:00:06.994 [http-nio-8080-exec-3] INFO  cn.didano.video.controller.PostController - 访问  PostController:student_search_by_teacherid teacher_id = 14
2017-02-21 10:00:07.837 [http-nio-8080-exec-3] DEBUG cn.didano.video.json.Out - 查询成功
2017-02-21 10:02:09.428 [http-nio-8080-exec-7] INFO  cn.didano.video.controller.PostController - 访问  PostController:student_search_by_teacherid teacher_id = 15
2017-02-21 10:02:09.840 [http-nio-8080-exec-7] DEBUG cn.didano.video.json.Out - 查询成功
2017-02-21 10:02:35.105 [http-nio-8080-exec-4] INFO  cn.didano.video.controller.PostController - 访问  PostController:student_search_by_teacherid teacher_id = 54
2017-02-21 10:02:35.594 [http-nio-8080-exec-4] DEBUG cn.didano.video.json.Out - 查询成功
2017-02-21 10:10:19.099 [restartedMain] INFO  cn.didano.video.app.StartVideoApplication - Starting StartVideoApplication on ThinkPad with PID 6564 (C:\Users\guitar\git\didano_video\target\classes started by guitar in C:\Users\guitar\git\didano_video)
2017-02-21 10:10:19.099 [restartedMain] DEBUG cn.didano.video.app.StartVideoApplication - Running with Spring Boot v1.4.2.RELEASE, Spring v4.3.4.RELEASE
2017-02-21 10:10:19.099 [restartedMain] INFO  cn.didano.video.app.StartVideoApplication - No active profile set, falling back to default profiles: default
2017-02-21 10:10:20.755 [restartedMain] DEBUG cn.didano.video.app.config.MybatisConfig - Configuring Datasource
2017-02-21 10:10:24.024 [restartedMain] INFO  cn.didano.video.app.StartVideoApplication - Started StartVideoApplication in 5.007 seconds (JVM running for 643.0)
2017-02-21 10:10:24.024 [restartedMain] INFO  cn.didano.video.app.StartVideoApplication - StartVideoApplication Started.............................
2017-02-21 10:10:38.311 [http-nio-8080-exec-7] INFO  cn.didano.video.controller.PostController - 访问  PostController:student_search_by_teacherid teacher_id = 14
2017-02-21 10:10:38.444 [http-nio-8080-exec-7] DEBUG cn.didano.video.json.Out - 查询成功
2017-02-21 10:12:58.585 [restartedMain] INFO  cn.didano.video.app.StartVideoApplication - Starting StartVideoApplication on ThinkPad with PID 6564 (C:\Users\guitar\git\didano_video\target\classes started by guitar in C:\Users\guitar\git\didano_video)
2017-02-21 10:12:58.585 [restartedMain] DEBUG cn.didano.video.app.StartVideoApplication - Running with Spring Boot v1.4.2.RELEASE, Spring v4.3.4.RELEASE
2017-02-21 10:12:58.585 [restartedMain] INFO  cn.didano.video.app.StartVideoApplication - No active profile set, falling back to default profiles: default
2017-02-21 10:12:59.940 [restartedMain] DEBUG cn.didano.video.app.config.MybatisConfig - Configuring Datasource
2017-02-21 10:13:02.595 [restartedMain] INFO  cn.didano.video.app.StartVideoApplication - Started StartVideoApplication in 4.068 seconds (JVM running for 801.57)
2017-02-21 10:13:02.595 [restartedMain] INFO  cn.didano.video.app.StartVideoApplication - StartVideoApplication Started.............................
2017-02-21 10:13:39.922 [http-nio-8080-exec-8] INFO  cn.didano.video.controller.PostController - 访问  PostController:student_searchall
2017-02-21 10:14:00.423 [http-nio-8080-exec-8] DEBUG cn.didano.video.json.Out - 查询成功
2017-02-21 10:19:20.286 [restartedMain] INFO  cn.didano.video.app.StartVideoApplication - Starting StartVideoApplication on ThinkPad with PID 4736 (C:\Users\guitar\git\didano_video\target\classes started by guitar in C:\Users\guitar\git\didano_video)
2017-02-21 10:19:20.290 [restartedMain] DEBUG cn.didano.video.app.StartVideoApplication - Running with Spring Boot v1.4.2.RELEASE, Spring v4.3.4.RELEASE
2017-02-21 10:19:20.291 [restartedMain] INFO  cn.didano.video.app.StartVideoApplication - No active profile set, falling back to default profiles: default
2017-02-21 10:19:24.137 [restartedMain] DEBUG cn.didano.video.app.config.MybatisConfig - Configuring Datasource
2017-02-21 10:19:31.733 [restartedMain] INFO  cn.didano.video.app.StartVideoApplication - Started StartVideoApplication in 11.891 seconds (JVM running for 12.566)
2017-02-21 10:19:31.733 [restartedMain] INFO  cn.didano.video.app.StartVideoApplication - StartVideoApplication Started.............................
2017-02-21 10:19:48.502 [http-nio-8080-exec-7] INFO  cn.didano.video.controller.PostController - 访问  PostController:student_searchall
2017-02-21 10:19:59.864 [http-nio-8080-exec-7] DEBUG cn.didano.video.json.Out - 查询成功
2017-02-21 10:21:15.111 [http-nio-8080-exec-6] INFO  cn.didano.video.controller.PostController - 访问  PostController:student_searchById,student_id=345
2017-02-21 10:21:15.123 [http-nio-8080-exec-6] DEBUG cn.didano.video.json.Out - 查询成功
2017-02-21 10:24:32.767 [restartedMain] INFO  cn.didano.video.app.StartVideoApplication - Starting StartVideoApplication on ThinkPad with PID 4272 (C:\Users\guitar\git\didano_video\target\classes started by guitar in C:\Users\guitar\git\didano_video)
2017-02-21 10:24:32.770 [restartedMain] DEBUG cn.didano.video.app.StartVideoApplication - Running with Spring Boot v1.4.2.RELEASE, Spring v4.3.4.RELEASE
2017-02-21 10:24:32.771 [restartedMain] INFO  cn.didano.video.app.StartVideoApplication - No active profile set, falling back to default profiles: default
2017-02-21 10:24:36.779 [restartedMain] DEBUG cn.didano.video.app.config.MybatisConfig - Configuring Datasource
2017-02-21 10:24:44.705 [restartedMain] INFO  cn.didano.video.app.StartVideoApplication - Started StartVideoApplication in 12.388 seconds (JVM running for 13.101)
2017-02-21 10:24:44.706 [restartedMain] INFO  cn.didano.video.app.StartVideoApplication - StartVideoApplication Started.............................
2017-02-21 10:24:54.354 [http-nio-8080-exec-3] INFO  cn.didano.video.controller.PostController - 访问  PostController:student_searchById,student_id=356
2017-02-21 10:24:54.736 [http-nio-8080-exec-3] DEBUG cn.didano.video.json.Out - 查询成功
2017-02-21 10:25:56.619 [restartedMain] INFO  cn.didano.video.app.StartVideoApplication - Starting StartVideoApplication on ThinkPad with PID 4272 (C:\Users\guitar\git\didano_video\target\classes started by guitar in C:\Users\guitar\git\didano_video)
2017-02-21 10:25:56.620 [restartedMain] DEBUG cn.didano.video.app.StartVideoApplication - Running with Spring Boot v1.4.2.RELEASE, Spring v4.3.4.RELEASE
2017-02-21 10:25:56.620 [restartedMain] INFO  cn.didano.video.app.StartVideoApplication - No active profile set, falling back to default profiles: default
2017-02-21 10:29:32.565 [restartedMain] INFO  cn.didano.video.app.StartVideoApplication - Starting StartVideoApplication on ThinkPad with PID 10692 (C:\Users\guitar\git\didano_video\target\classes started by guitar in C:\Users\guitar\git\didano_video)
2017-02-21 10:29:32.568 [restartedMain] DEBUG cn.didano.video.app.StartVideoApplication - Running with Spring Boot v1.4.2.RELEASE, Spring v4.3.4.RELEASE
2017-02-21 10:29:32.569 [restartedMain] INFO  cn.didano.video.app.StartVideoApplication - No active profile set, falling back to default profiles: default
2017-02-21 10:29:36.497 [restartedMain] DEBUG cn.didano.video.app.config.MybatisConfig - Configuring Datasource
2017-02-21 10:29:44.382 [restartedMain] INFO  cn.didano.video.app.StartVideoApplication - Started StartVideoApplication in 12.264 seconds (JVM running for 12.947)
2017-02-21 10:29:44.383 [restartedMain] INFO  cn.didano.video.app.StartVideoApplication - StartVideoApplication Started.............................
2017-02-21 10:29:56.710 [http-nio-8080-exec-3] INFO  cn.didano.video.controller.PostController - 访问  PostController:student_searchById,student_id=356
2017-02-21 10:29:57.087 [http-nio-8080-exec-3] DEBUG cn.didano.video.json.Out - 查询成功
2017-02-21 10:30:16.502 [http-nio-8080-exec-4] INFO  cn.didano.video.controller.PostController - 访问  PostController:student_searchById,student_id=345
2017-02-21 10:30:16.517 [http-nio-8080-exec-4] DEBUG cn.didano.video.json.Out - 查询成功
2017-02-21 10:30:36.673 [http-nio-8080-exec-9] INFO  cn.didano.video.controller.PostController - 访问  PostController:student_searchByClass,class_id=54
2017-02-21 10:30:36.708 [http-nio-8080-exec-9] DEBUG cn.didano.video.json.Out - 查询成功
2017-02-21 10:34:17.874 [restartedMain] INFO  cn.didano.video.app.StartVideoApplication - Starting StartVideoApplication on ThinkPad with PID 7232 (C:\Users\guitar\git\didano_video\target\classes started by guitar in C:\Users\guitar\git\didano_video)
2017-02-21 10:34:17.879 [restartedMain] DEBUG cn.didano.video.app.StartVideoApplication - Running with Spring Boot v1.4.2.RELEASE, Spring v4.3.4.RELEASE
2017-02-21 10:34:17.880 [restartedMain] INFO  cn.didano.video.app.StartVideoApplication - No active profile set, falling back to default profiles: default
2017-02-21 10:34:21.791 [restartedMain] DEBUG cn.didano.video.app.config.MybatisConfig - Configuring Datasource
2017-02-21 10:34:29.694 [restartedMain] INFO  cn.didano.video.app.StartVideoApplication - Started StartVideoApplication in 12.272 seconds (JVM running for 12.942)
2017-02-21 10:34:29.695 [restartedMain] INFO  cn.didano.video.app.StartVideoApplication - StartVideoApplication Started.............................
2017-02-21 10:34:40.548 [http-nio-8080-exec-5] INFO  cn.didano.video.controller.PostController - 访问  PostController:student_searchByClass,class_id=54
2017-02-21 10:34:41.122 [http-nio-8080-exec-5] DEBUG cn.didano.video.json.Out - 查询成功
2017-02-21 10:35:05.861 [http-nio-8080-exec-8] INFO  cn.didano.video.controller.PostController - 访问  PostController:parent_searchByChildId,student_id=14
2017-02-21 10:35:05.869 [http-nio-8080-exec-8] DEBUG cn.didano.video.json.Out - 查询成功
2017-02-21 10:35:33.946 [http-nio-8080-exec-4] INFO  cn.didano.video.controller.PostController - 访问  PostController:student_searchById,student_id=54
2017-02-21 10:35:33.955 [http-nio-8080-exec-4] DEBUG cn.didano.video.json.Out - 查询成功
2017-02-21 10:35:45.596 [http-nio-8080-exec-2] INFO  cn.didano.video.controller.PostController - 访问  PostController:parent_searchByChildId,student_id=54
2017-02-21 10:35:45.603 [http-nio-8080-exec-2] DEBUG cn.didano.video.json.Out - 查询成功
2017-02-21 10:35:46.882 [http-nio-8080-exec-6] INFO  cn.didano.video.controller.PostController - 访问  PostController:parent_searchByChildId,student_id=54
2017-02-21 10:35:46.890 [http-nio-8080-exec-6] DEBUG cn.didano.video.json.Out - 查询成功
2017-02-21 10:35:55.790 [http-nio-8080-exec-5] INFO  cn.didano.video.controller.PostController - 访问  PostController:parent_searchByChildId,student_id=354
2017-02-21 10:35:55.796 [http-nio-8080-exec-5] DEBUG cn.didano.video.json.Out - 查询成功
2017-02-21 10:41:31.743 [http-nio-8080-exec-1] INFO  cn.didano.video.controller.PostController - 访问  PostController:student_searchall
2017-02-21 10:41:42.436 [http-nio-8080-exec-1] DEBUG cn.didano.video.json.Out - 查询成功
2017-02-21 10:42:55.433 [restartedMain] INFO  cn.didano.video.app.StartVideoApplication - Starting StartVideoApplication on ThinkPad with PID 9536 (C:\Users\guitar\git\didano_video\target\classes started by guitar in C:\Users\guitar\git\didano_video)
2017-02-21 10:42:55.437 [restartedMain] DEBUG cn.didano.video.app.StartVideoApplication - Running with Spring Boot v1.4.2.RELEASE, Spring v4.3.4.RELEASE
2017-02-21 10:42:55.437 [restartedMain] INFO  cn.didano.video.app.StartVideoApplication - No active profile set, falling back to default profiles: default
2017-02-21 10:42:59.364 [restartedMain] DEBUG cn.didano.video.app.config.MybatisConfig - Configuring Datasource
2017-02-21 10:43:07.022 [restartedMain] INFO  cn.didano.video.app.StartVideoApplication - Started StartVideoApplication in 12.029 seconds (JVM running for 12.722)
2017-02-21 10:43:07.023 [restartedMain] INFO  cn.didano.video.app.StartVideoApplication - StartVideoApplication Started.............................
2017-02-21 10:43:28.950 [http-nio-8080-exec-6] INFO  cn.didano.video.controller.PostController - 访问  PostController:student_search_by_teacherid teacher_id = 14
2017-02-21 10:43:29.431 [http-nio-8080-exec-6] DEBUG cn.didano.video.json.Out - 查询成功
2017-02-21 11:22:41.474 [restartedMain] INFO  cn.didano.video.app.StartVideoApplication - Starting StartVideoApplication on ThinkPad with PID 11212 (C:\Users\guitar\git\didano_video\target\classes started by guitar in C:\Users\guitar\git\didano_video)
2017-02-21 11:22:41.477 [restartedMain] DEBUG cn.didano.video.app.StartVideoApplication - Running with Spring Boot v1.4.2.RELEASE, Spring v4.3.4.RELEASE
2017-02-21 11:22:41.478 [restartedMain] INFO  cn.didano.video.app.StartVideoApplication - No active profile set, falling back to default profiles: default
2017-02-21 11:22:45.267 [restartedMain] DEBUG cn.didano.video.app.config.MybatisConfig - Configuring Datasource
2017-02-21 11:22:53.089 [restartedMain] INFO  cn.didano.video.app.StartVideoApplication - Started StartVideoApplication in 12.049 seconds (JVM running for 12.726)
2017-02-21 11:22:53.089 [restartedMain] INFO  cn.didano.video.app.StartVideoApplication - StartVideoApplication Started.............................
2017-02-21 11:24:04.763 [http-nio-8080-exec-4] INFO  cn.didano.video.controller.PostController - 访问  PostController:deleteByChildId,student_id=345
2017-02-21 11:24:05.225 [http-nio-8080-exec-4] DEBUG cn.didano.video.json.Out - 更新成功:rowNum=9
2017-02-21 11:27:28.706 [restartedMain] INFO  cn.didano.video.app.StartVideoApplication - Starting StartVideoApplication on ThinkPad with PID 5964 (C:\Users\guitar\git\didano_video\target\classes started by guitar in C:\Users\guitar\git\didano_video)
2017-02-21 11:27:28.708 [restartedMain] DEBUG cn.didano.video.app.StartVideoApplication - Running with Spring Boot v1.4.2.RELEASE, Spring v4.3.4.RELEASE
2017-02-21 11:27:28.708 [restartedMain] INFO  cn.didano.video.app.StartVideoApplication - No active profile set, falling back to default profiles: default
2017-02-21 11:27:32.804 [restartedMain] DEBUG cn.didano.video.app.config.MybatisConfig - Configuring Datasource
2017-02-21 11:27:42.165 [restartedMain] INFO  cn.didano.video.app.StartVideoApplication - Started StartVideoApplication in 13.907 seconds (JVM running for 14.582)
2017-02-21 11:27:42.165 [restartedMain] INFO  cn.didano.video.app.StartVideoApplication - StartVideoApplication Started.............................
2017-02-21 11:27:54.760 [http-nio-8080-exec-4] INFO  cn.didano.video.controller.PostController - 访问  PostController:student_searchById,student_id=154
2017-02-21 11:27:55.184 [http-nio-8080-exec-4] DEBUG cn.didano.video.json.Out - 查询成功
2017-02-21 11:28:56.903 [http-nio-8080-exec-8] INFO  cn.didano.video.controller.PostController - 访问  PostController:addresslist_edit,student_a=cn.didano.video.json.In_Student_Edit@71acde8e
2017-02-21 11:28:56.953 [http-nio-8080-exec-8] ERROR cn.didano.video.json.Out - 更新异常:nested exception is org.apache.ibatis.reflection.ReflectionException: There is no getter for property named 'parent_phone' in 'class cn.didano.base.model.Tb_address_list'
2017-02-21 11:36:55.553 [restartedMain] INFO  cn.didano.video.app.StartVideoApplication - Starting StartVideoApplication on ThinkPad with PID 6464 (C:\Users\guitar\git\didano_video\target\classes started by guitar in C:\Users\guitar\git\didano_video)
2017-02-21 11:36:55.556 [restartedMain] DEBUG cn.didano.video.app.StartVideoApplication - Running with Spring Boot v1.4.2.RELEASE, Spring v4.3.4.RELEASE
2017-02-21 11:36:55.556 [restartedMain] INFO  cn.didano.video.app.StartVideoApplication - No active profile set, falling back to default profiles: default
2017-02-21 11:36:59.791 [restartedMain] DEBUG cn.didano.video.app.config.MybatisConfig - Configuring Datasource
2017-02-21 11:37:08.497 [restartedMain] INFO  cn.didano.video.app.StartVideoApplication - Started StartVideoApplication in 13.417 seconds (JVM running for 14.151)
2017-02-21 11:37:08.497 [restartedMain] INFO  cn.didano.video.app.StartVideoApplication - StartVideoApplication Started.............................
2017-02-21 11:48:14.554 [restartedMain] INFO  cn.didano.video.app.StartVideoApplication - Starting StartVideoApplication on ThinkPad with PID 13172 (C:\Users\guitar\git\didano_video\target\classes started by guitar in C:\Users\guitar\git\didano_video)
2017-02-21 11:48:14.558 [restartedMain] DEBUG cn.didano.video.app.StartVideoApplication - Running with Spring Boot v1.4.2.RELEASE, Spring v4.3.4.RELEASE
2017-02-21 11:48:14.559 [restartedMain] INFO  cn.didano.video.app.StartVideoApplication - No active profile set, falling back to default profiles: default
2017-02-21 11:48:18.897 [restartedMain] DEBUG cn.didano.video.app.config.MybatisConfig - Configuring Datasource
2017-02-21 11:48:27.042 [restartedMain] INFO  cn.didano.video.app.StartVideoApplication - Started StartVideoApplication in 12.964 seconds (JVM running for 13.654)
2017-02-21 11:48:27.042 [restartedMain] INFO  cn.didano.video.app.StartVideoApplication - StartVideoApplication Started.............................
2017-02-21 11:48:59.015 [http-nio-8080-exec-5] INFO  cn.didano.video.controller.PostController - 访问  PostController:addresslist_edit,student_a=cn.didano.video.json.In_Student_Edit@4e9c4dea
2017-02-21 11:48:59.495 [http-nio-8080-exec-5] DEBUG cn.didano.video.json.Out - 更新成功:rowNum=2
2017-02-21 11:52:42.619 [restartedMain] INFO  cn.didano.video.app.StartVideoApplication - Starting StartVideoApplication on ThinkPad with PID 11844 (C:\Users\guitar\git\didano_video\target\classes started by guitar in C:\Users\guitar\git\didano_video)
2017-02-21 11:52:42.623 [restartedMain] DEBUG cn.didano.video.app.StartVideoApplication - Running with Spring Boot v1.4.2.RELEASE, Spring v4.3.4.RELEASE
2017-02-21 11:52:42.624 [restartedMain] INFO  cn.didano.video.app.StartVideoApplication - No active profile set, falling back to default profiles: default
2017-02-21 11:52:46.681 [restartedMain] DEBUG cn.didano.video.app.config.MybatisConfig - Configuring Datasource
2017-02-21 11:52:54.860 [restartedMain] INFO  cn.didano.video.app.StartVideoApplication - Started StartVideoApplication in 12.702 seconds (JVM running for 13.399)
2017-02-21 11:52:54.860 [restartedMain] INFO  cn.didano.video.app.StartVideoApplication - StartVideoApplication Started.............................
2017-02-21 11:53:06.575 [http-nio-8080-exec-6] INFO  cn.didano.video.controller.PostController - 访问  PostController:addresslist_edit,student_a=cn.didano.video.json.In_Student_Edit@7ae3388d
2017-02-21 11:53:06.977 [http-nio-8080-exec-6] DEBUG cn.didano.video.json.Out - 更新成功:rowNum=2
2017-02-21 15:12:39.970 [restartedMain] INFO  cn.didano.video.app.StartVideoApplication - Starting StartVideoApplication on ThinkPad with PID 10172 (C:\Users\guitar\git\didano_video\target\classes started by guitar in C:\Users\guitar\git\didano_video)
2017-02-21 15:12:39.973 [restartedMain] DEBUG cn.didano.video.app.StartVideoApplication - Running with Spring Boot v1.4.2.RELEASE, Spring v4.3.4.RELEASE
2017-02-21 15:12:39.973 [restartedMain] INFO  cn.didano.video.app.StartVideoApplication - No active profile set, falling back to default profiles: default
2017-02-21 15:12:44.188 [restartedMain] DEBUG cn.didano.video.app.config.MybatisConfig - Configuring Datasource
2017-02-21 15:12:52.609 [restartedMain] INFO  cn.didano.video.app.StartVideoApplication - Started StartVideoApplication in 13.146 seconds (JVM running for 14.037)
2017-02-21 15:12:52.610 [restartedMain] INFO  cn.didano.video.app.StartVideoApplication - StartVideoApplication Started.............................
2017-02-21 15:13:09.146 [http-nio-8080-exec-6] INFO  cn.didano.video.controller.PostController - 访问  PostController:teacher_searchByClass,class_id=18
2017-02-21 15:13:09.721 [http-nio-8080-exec-6] DEBUG cn.didano.video.json.Out - 查询成功
2017-02-21 15:43:36.061 [restartedMain] INFO  cn.didano.video.app.StartVideoApplication - Starting StartVideoApplication on ThinkPad with PID 13084 (C:\Users\guitar\git\didano_video\target\classes started by guitar in C:\Users\guitar\git\didano_video)
2017-02-21 15:43:36.065 [restartedMain] DEBUG cn.didano.video.app.StartVideoApplication - Running with Spring Boot v1.4.2.RELEASE, Spring v4.3.4.RELEASE
2017-02-21 15:43:36.065 [restartedMain] INFO  cn.didano.video.app.StartVideoApplication - No active profile set, falling back to default profiles: default
2017-02-21 15:43:39.896 [restartedMain] DEBUG cn.didano.video.app.config.MybatisConfig - Configuring Datasource
2017-02-21 15:43:47.902 [restartedMain] INFO  cn.didano.video.app.StartVideoApplication - Started StartVideoApplication in 12.298 seconds (JVM running for 12.983)
2017-02-21 15:43:47.903 [restartedMain] INFO  cn.didano.video.app.StartVideoApplication - StartVideoApplication Started.............................
2017-02-21 15:46:11.417 [http-nio-8080-exec-10] INFO  cn.didano.video.controller.PostController - 访问  PostController:teacher_edit,teacher=cn.didano.video.json.In_Teacher_Edit@25cb9dec
2017-02-21 15:46:12.081 [http-nio-8080-exec-10] ERROR cn.didano.video.json.Out - 更新异常:
### Error updating database.  Cause: com.mysql.jdbc.MysqlDataTruncation: Data truncation: Incorrect time value: '2017-02-21' for column 'set_intime' at row 1
### The error may involve cn.didano.base.dao.Tb_address_listMapper.UpdateTeacher-Inline
### The error occurred while setting parameters
### SQL: UPDATE TB_STAFF a,tb_staff_class b,tb_staff_signdate c SET a.type = ?,a.name=?,a.phone=? ,a.deleted=?,b.class_id=?, c.set_intime=?,c.set_outtime=? where a.id = ?
### Cause: com.mysql.jdbc.MysqlDataTruncation: Data truncation: Incorrect time value: '2017-02-21' for column 'set_intime' at row 1
; SQL []; Data truncation: Incorrect time value: '2017-02-21' for column 'set_intime' at row 1; nested exception is com.mysql.jdbc.MysqlDataTruncation: Data truncation: Incorrect time value: '2017-02-21' for column 'set_intime' at row 1
2017-02-21 16:01:30.104 [restartedMain] INFO  cn.didano.video.app.StartVideoApplication - Starting StartVideoApplication on ThinkPad with PID 3804 (C:\Users\guitar\git\didano_video\target\classes started by guitar in C:\Users\guitar\git\didano_video)
2017-02-21 16:01:30.117 [restartedMain] DEBUG cn.didano.video.app.StartVideoApplication - Running with Spring Boot v1.4.2.RELEASE, Spring v4.3.4.RELEASE
2017-02-21 16:01:30.118 [restartedMain] INFO  cn.didano.video.app.StartVideoApplication - No active profile set, falling back to default profiles: default
2017-02-21 16:01:34.132 [restartedMain] DEBUG cn.didano.video.app.config.MybatisConfig - Configuring Datasource
2017-02-21 16:01:42.159 [restartedMain] INFO  cn.didano.video.app.StartVideoApplication - Started StartVideoApplication in 12.5 seconds (JVM running for 13.165)
2017-02-21 16:01:42.160 [restartedMain] INFO  cn.didano.video.app.StartVideoApplication - StartVideoApplication Started.............................
2017-02-21 16:02:53.518 [http-nio-8080-exec-10] INFO  cn.didano.video.controller.PostController - 访问  PostController:teacher_edit,teacher=cn.didano.video.json.In_Teacher_Edit@584646c1
2017-02-21 16:02:54.052 [http-nio-8080-exec-10] ERROR cn.didano.video.json.Out - 更新异常:
### Error updating database.  Cause: com.mysql.jdbc.MysqlDataTruncation: Data truncation: Incorrect time value: '2017-02-21' for column 'set_intime' at row 1
### The error may involve cn.didano.base.dao.Tb_address_listMapper.UpdateTeacher-Inline
### The error occurred while setting parameters
### SQL: UPDATE TB_STAFF a,tb_staff_class b,tb_staff_signdate c SET a.type = ?,a.name=?,a.phone=? ,a.deleted=?,b.class_id=?, c.set_intime=?,c.set_outtime=? where a.id = ?
### Cause: com.mysql.jdbc.MysqlDataTruncation: Data truncation: Incorrect time value: '2017-02-21' for column 'set_intime' at row 1
; SQL []; Data truncation: Incorrect time value: '2017-02-21' for column 'set_intime' at row 1; nested exception is com.mysql.jdbc.MysqlDataTruncation: Data truncation: Incorrect time value: '2017-02-21' for column 'set_intime' at row 1
2017-02-21 16:03:38.706 [restartedMain] INFO  cn.didano.video.app.StartVideoApplication - Starting StartVideoApplication on ThinkPad with PID 3804 (C:\Users\guitar\git\didano_video\target\classes started by guitar in C:\Users\guitar\git\didano_video)
2017-02-21 16:03:38.706 [restartedMain] DEBUG cn.didano.video.app.StartVideoApplication - Running with Spring Boot v1.4.2.RELEASE, Spring v4.3.4.RELEASE
2017-02-21 16:03:38.706 [restartedMain] INFO  cn.didano.video.app.StartVideoApplication - No active profile set, falling back to default profiles: default
2017-02-21 16:03:40.329 [restartedMain] DEBUG cn.didano.video.app.config.MybatisConfig - Configuring Datasource
2017-02-21 16:03:44.085 [restartedMain] INFO  cn.didano.video.app.StartVideoApplication - Started StartVideoApplication in 5.464 seconds (JVM running for 135.09)
2017-02-21 16:03:44.085 [restartedMain] INFO  cn.didano.video.app.StartVideoApplication - StartVideoApplication Started.............................
2017-02-21 16:03:56.718 [http-nio-8080-exec-1] INFO  cn.didano.video.controller.PostController - 访问  PostController:teacher_edit,teacher=cn.didano.video.json.In_Teacher_Edit@71ffe45b
2017-02-21 16:04:08.269 [http-nio-8080-exec-1] DEBUG cn.didano.video.json.Out - 更新成功:rowNum=27973
